Performing C SOURCE FILE Test CMAKE_HAVE_LIBC_PTHREAD failed with the following output:
Change Dir: /home/matteo/Documents/imac2/openGL/ImacDream/Game-build/CMakeFiles/CMakeTmp

Run Build Command(s):/usr/bin/make cmTC_6db72/fast && /usr/bin/make  -f CMakeFiles/cmTC_6db72.dir/build.make CMakeFiles/cmTC_6db72.dir/build
make[1] : on entre dans le répertoire « /home/matteo/Documents/imac2/openGL/ImacDream/Game-build/CMakeFiles/CMakeTmp »
Building C object CMakeFiles/cmTC_6db72.dir/src.c.o
/usr/bin/cc   -DCMAKE_HAVE_LIBC_PTHREAD   -o CMakeFiles/cmTC_6db72.dir/src.c.o   -c /home/matteo/Documents/imac2/openGL/ImacDream/Game-build/CMakeFiles/CMakeTmp/src.c
Linking C executable cmTC_6db72
/snap/clion/137/bin/cmake/linux/bin/cmake -E cmake_link_script CMakeFiles/cmTC_6db72.dir/link.txt --verbose=1
/usr/bin/cc  -DCMAKE_HAVE_LIBC_PTHREAD    -rdynamic CMakeFiles/cmTC_6db72.dir/src.c.o  -o cmTC_6db72 
CMakeFiles/cmTC_6db72.dir/src.c.o : Dans la fonction « main » :
src.c:(.text+0x3e) : référence indéfinie vers « pthread_create »
src.c:(.text+0x4a) : référence indéfinie vers « pthread_detach »
src.c:(.text+0x56) : référence indéfinie vers « pthread_cancel »
src.c:(.text+0x67) : référence indéfinie vers « pthread_join »
src.c:(.text+0x7b) : référence indéfinie vers « pthread_atfork »
collect2: error: ld returned 1 exit status
CMakeFiles/cmTC_6db72.dir/build.make:106: recipe for target 'cmTC_6db72' failed
make[1]: *** [cmTC_6db72] Error 1
make[1] : on quitte le répertoire « /home/matteo/Documents/imac2/openGL/ImacDream/Game-build/CMakeFiles/CMakeTmp »
Makefile:141: recipe for target 'cmTC_6db72/fast' failed
make: *** [cmTC_6db72/fast] Error 2


Source file was:
#include <pthread.h>

void* test_func(void* data)
{
  return data;
}

int main(void)
{
  pthread_t thread;
  pthread_create(&thread, NULL, test_func, NULL);
  pthread_detach(thread);
  pthread_cancel(thread);
  pthread_join(thread, NULL);
  pthread_atfork(NULL, NULL, NULL);
  pthread_exit(NULL);

  return 0;
}

Determining if the function pthread_create exists in the pthreads failed with the following output:
Change Dir: /home/matteo/Documents/imac2/openGL/ImacDream/Game-build/CMakeFiles/CMakeTmp

Run Build Command(s):/usr/bin/make cmTC_1a5cc/fast && /usr/bin/make  -f CMakeFiles/cmTC_1a5cc.dir/build.make CMakeFiles/cmTC_1a5cc.dir/build
make[1] : on entre dans le répertoire « /home/matteo/Documents/imac2/openGL/ImacDream/Game-build/CMakeFiles/CMakeTmp »
Building C object CMakeFiles/cmTC_1a5cc.dir/CheckFunctionExists.c.o
/usr/bin/cc   -DCHECK_FUNCTION_EXISTS=pthread_create   -o CMakeFiles/cmTC_1a5cc.dir/CheckFunctionExists.c.o   -c /snap/clion/137/bin/cmake/linux/share/cmake-3.17/Modules/CheckFunctionExists.c
Linking C executable cmTC_1a5cc
/snap/clion/137/bin/cmake/linux/bin/cmake -E cmake_link_script CMakeFiles/cmTC_1a5cc.dir/link.txt --verbose=1
/usr/bin/cc  -DCHECK_FUNCTION_EXISTS=pthread_create    -rdynamic CMakeFiles/cmTC_1a5cc.dir/CheckFunctionExists.c.o  -o cmTC_1a5cc  -lpthreads 
/usr/bin/ld : ne peut trouver -lpthreads
collect2: error: ld returned 1 exit status
CMakeFiles/cmTC_1a5cc.dir/build.make:106: recipe for target 'cmTC_1a5cc' failed
make[1]: *** [cmTC_1a5cc] Error 1
make[1] : on quitte le répertoire « /home/matteo/Documents/imac2/openGL/ImacDream/Game-build/CMakeFiles/CMakeTmp »
Makefile:141: recipe for target 'cmTC_1a5cc/fast' failed
make: *** [cmTC_1a5cc/fast] Error 2



